<?xml version="1.0" encoding="UTF-8"?>
<!-- Generated by org.testng.reporters.JUnitXMLReporter -->
<testsuite ignored="0" hostname="DESKTOP-F5R7G24" failures="0" tests="2" name="A_04DependsonMethod" time="274.991" errors="0" timestamp="2024-09-19T12:32:04 IST">
  <testcase classname="SeleniumFrameworkTutorial.A_04DependsonMethod" name="ecommerce" time="0.001">
    <skipped/>
  </testcase> <!-- ecommerce -->
  <testcase classname="SeleniumFrameworkTutorial.A_04DependsonMethod" name="ecommerce" time="0.0">
    <skipped/>
  </testcase> <!-- ecommerce -->
</testsuite> <!-- A_04DependsonMethod -->
