<?xml version="1.0" encoding="UTF-8"?>
<!-- Generated by org.testng.reporters.JUnitXMLReporter -->
<testsuite ignored="0" hostname="DESKTOP-F5R7G24" failures="0" tests="2" name="dependsonMethod" time="140.75" errors="0" timestamp="2024-09-17T20:29:53 IST">
  <testcase classname="SeleniumFrameworkTutorial.A_04DependsonMethod" name="ecommerce" time="0.0">
    <skipped/>
  </testcase> <!-- ecommerce -->
  <testcase classname="SeleniumFrameworkTutorial.A_04DependsonMethod" name="ordersPage" time="0.0">
    <skipped/>
  </testcase> <!-- ordersPage -->
</testsuite> <!-- dependsonMethod -->
