<?xml version="1.0" encoding="UTF-8"?>
<!-- Generated by org.testng.reporters.JUnitXMLReporter -->
<testsuite ignored="0" hostname="DESKTOP-F5R7G24" failures="2" tests="2" name="errorValidation" time="55.371" errors="0" timestamp="2024-09-16T19:46:48 IST">
  <testcase classname="SeleniumFrameworkTutorial.Errorvalidations03" name="ecommerce" time="23.209">
    <failure type="java.lang.AssertionError" message="expected [Login Successfully] but found [Incorrect email or password.]">
      <![CDATA[java.lang.AssertionError: expected [Login Successfully] but found [Incorrect email or password.]
at SeleniumFrameworkTutorial.Errorvalidations03.ecommerce(Errorvalidations03.java:23)
at java.base/java.util.ArrayList.forEach(ArrayList.java:1596)
... Removed 31 stack frames]]>
    </failure>
  </testcase> <!-- ecommerce -->
  <testcase classname="SeleniumFrameworkTutorial.Errorvalidations03" name="ecommerce02" time="32.097">
    <failure type="java.lang.NullPointerException" message="Cannot invoke &amp;quot;org.openqa.selenium.WebElement.findElement(org.openqa.selenium.By)&amp;quot; because &amp;quot;prod&amp;quot; is null">
      <![CDATA[java.lang.NullPointerException: Cannot invoke "org.openqa.selenium.WebElement.findElement(org.openqa.selenium.By)" because "prod" is null
at SeleniumFrameworkTutorial.A_02ProductCatalogue.findProduct(A_02ProductCatalogue.java:46)
at SeleniumFrameworkTutorial.Errorvalidations03.ecommerce02(Errorvalidations03.java:43)
at java.base/java.util.ArrayList.forEach(ArrayList.java:1596)
... Removed 25 stack frames]]>
    </failure>
  </testcase> <!-- ecommerce02 -->
</testsuite> <!-- errorValidation -->
