<?xml version="1.0" encoding="UTF-8"?>
<testng-results ignored="0" total="1" passed="1" failed="0" skipped="0">
  <reporter-output>
  </reporter-output>
  <suite started-at="2024-10-21T19:21:37 IST" name="Default suite" finished-at="2024-10-21T19:23:21 IST" duration-ms="103899">
    <groups>
    </groups>
    <test started-at="2024-10-21T19:21:37 IST" name="Default test" finished-at="2024-10-21T19:23:21 IST" duration-ms="103899">
      <class name="SeleniumFrameworkTutorial.A_01EndtoEndAutomationTestcopy">
        <test-method is-config="true" signature="test01()[pri:0, instance:SeleniumFrameworkTutorial.A_01EndtoEndAutomationTestcopy@2cf3d63b]" started-at="2024-10-21T19:21:38 IST" name="test01" finished-at="2024-10-21T19:22:06 IST" duration-ms="28082" status="PASS">
          <reporter-output>
          </reporter-output>
        </test-method> <!-- test01 -->
        <test-method signature="ecommerce()[pri:0, instance:SeleniumFrameworkTutorial.A_01EndtoEndAutomationTestcopy@2cf3d63b]" started-at="2024-10-21T19:22:06 IST" name="ecommerce" finished-at="2024-10-21T19:23:21 IST" duration-ms="75696" status="PASS">
          <reporter-output>
          </reporter-output>
        </test-method> <!-- ecommerce -->
      </class> <!-- SeleniumFrameworkTutorial.A_01EndtoEndAutomationTestcopy -->
    </test> <!-- Default test -->
  </suite> <!-- Default suite -->
</testng-results>
